>> Scorpius Enterprise Test Runner
============================================================
Found 81 test files

[1/81] Processing: test_audit_trail.py

============================================================
Running: backend\audit_trail\tests\test_audit_trail.py
============================================================
Analysis: main=True, pytest=True, unittest=True
[FAIL] FAILED
Return code: 1
STDERR:   File "C:\Users\ADMIN\Desktop\Scorpius-main\backend\audit_trail\tests\test_audit_trail.py", line 72
    'SimilarityEngine': MockSimilarityEngine,
IndentationError: unexpected indent
...

[2/81] Processing: test_auth_proxy.py

============================================================
Running: backend\auth_proxy\tests\test_auth_proxy.py
============================================================
Analysis: main=True, pytest=True, unittest=True
[FAIL] FAILED
Return code: 1
STDERR:   File "C:\Users\ADMIN\Desktop\Scorpius-main\backend\auth_proxy\tests\test_auth_proxy.py", line 72
    'SimilarityEngine': MockSimilarityEngine,
IndentationError: unexpected indent
...

[3/81] Processing: test_bridge.py

============================================================
Running: backend\bridge\tests\test_bridge.py
============================================================
Analysis: main=True, pytest=True, unittest=True
[FAIL] FAILED
Return code: 1
STDERR:   File "C:\Users\ADMIN\Desktop\Scorpius-main\backend\bridge\tests\test_bridge.py", line 72
    'SimilarityEngine': MockSimilarityEngine,
IndentationError: unexpected indent
...

[4/81] Processing: test_bridge_transaction.py

============================================================
Running: backend\bridge\tests\unit\test_bridge_transaction.py
============================================================
Analysis: main=True, pytest=True, unittest=False
[FAIL] FAILED
Return code: 1
STDERR:   File "C:\Users\ADMIN\Desktop\Scorpius-main\backend\bridge\tests\unit\test_bridge_transaction.py", line 26
    print(f"Error: {str(e)}")
IndentationError: unexpected indent
...

[5/81] Processing: run_tests.py

============================================================
Running: backend\Bytecode\api\run_tests.py
============================================================
Analysis: main=True, pytest=True, unittest=False
[FAIL] FAILED
Return code: 1
STDERR:   File "C:\Users\ADMIN\Desktop\Scorpius-main\backend\Bytecode\api\run_tests.py", line 17
    """Test the health check endpoint"""
       ^^^^
SyntaxError: invalid syntax
...

[6/81] Processing: test_enterprise_command_router.py

============================================================
Running: backend\Bytecode\api\test_enterprise_command_router.py
============================================================
Analysis: main=True, pytest=True, unittest=True
[FAIL] FAILED
Return code: 1
STDERR:   File "C:\Users\ADMIN\Desktop\Scorpius-main\backend\Bytecode\api\test_enterprise_command_router.py", line 59
    'SimilarityEngine': MockSimilarityEngine,
IndentationError: unexpected indent
...

[7/81] Processing: test_with_server.py

============================================================
Running: backend\Bytecode\api\test_with_server.py
============================================================
Analysis: main=True, pytest=False, unittest=False
[FAIL] FAILED
Return code: 1
STDERR:   File "C:\Users\ADMIN\Desktop\Scorpius-main\backend\Bytecode\api\test_with_server.py", line 179
    ]
    ^
SyntaxError: closing parenthesis ']' does not match opening parenthesis '{' on line 175
...

[8/81] Processing: test_api_endpoints.py

============================================================
Running: backend\Bytecode\tests\test_api_endpoints.py
============================================================
Analysis: main=True, pytest=True, unittest=False
[FAIL] FAILED
Return code: 1
STDERR:   File "C:\Users\ADMIN\Desktop\Scorpius-main\backend\Bytecode\tests\test_api_endpoints.py", line 136
    ]
    ^
SyntaxError: closing parenthesis ']' does not match opening parenthesis '{' on line 133
...

[9/81] Processing: test_basic.py

============================================================
Running: backend\Bytecode\tests\test_basic.py
============================================================
Analysis: main=True, pytest=True, unittest=True
[FAIL] FAILED
Return code: 1
STDERR:   File "C:\Users\ADMIN\Desktop\Scorpius-main\backend\Bytecode\tests\test_basic.py", line 58
    'SimilarityEngine': MockSimilarityEngine,
IndentationError: unexpected indent
...

[10/81] Processing: test_Bytecode.py

============================================================
Running: backend\Bytecode\tests\test_Bytecode.py
============================================================
Analysis: main=True, pytest=True, unittest=True
[FAIL] FAILED
Return code: 1
STDERR:   File "C:\Users\ADMIN\Desktop\Scorpius-main\backend\Bytecode\tests\test_Bytecode.py", line 60
    'SimilarityEngine': MockSimilarityEngine,
IndentationError: unexpected indent
...

[11/81] Processing: test_comparison_engine.py

============================================================
Running: backend\Bytecode\tests\test_comparison_engine.py
============================================================
Analysis: main=True, pytest=True, unittest=False
[FAIL] FAILED
Return code: 1
STDERR:   File "C:\Users\ADMIN\Desktop\Scorpius-main\backend\Bytecode\tests\test_comparison_engine.py", line 87
    from core.comparison_engine import MultiDimensionalComparison, SimilarityEngine
IndentationError: unexpected indent
...

[12/81] Processing: test_core_modules.py

============================================================
Running: backend\Bytecode\tests\test_core_modules.py
============================================================
Analysis: main=True, pytest=True, unittest=True
[FAIL] FAILED
Return code: 1
STDERR:   File "C:\Users\ADMIN\Desktop\Scorpius-main\backend\Bytecode\tests\test_core_modules.py", line 114
    from core.comparison_engine import MultiDimensionalComparison, SimilarityEngine
IndentationError: unexpected indent
...

[13/81] Processing: test_corrected_validation.py

============================================================
Running: backend\Bytecode\tests\test_corrected_validation.py
============================================================
Analysis: main=True, pytest=False, unittest=False
[FAIL] FAILED
Return code: 1
STDERR:   File "C:\Users\ADMIN\Desktop\Scorpius-main\backend\Bytecode\tests\test_corrected_validation.py", line 73
    'SimilarityEngine': MockSimilarityEngine,
IndentationError: unexpected indent
...

[14/81] Processing: test_normalizer.py

============================================================
Running: backend\Bytecode\tests\test_normalizer.py
============================================================
Analysis: main=True, pytest=True, unittest=False
[FAIL] FAILED
Return code: 1
STDERR:   File "C:\Users\ADMIN\Desktop\Scorpius-main\backend\Bytecode\tests\test_normalizer.py", line 80
    'SimilarityEngine': MockSimilarityEngine,
IndentationError: unexpected indent
...

[15/81] Processing: test_similarity_engine.py

============================================================
Running: backend\Bytecode\tests\test_similarity_engine.py
============================================================
Analysis: main=True, pytest=True, unittest=True
[FAIL] FAILED
Return code: 1
STDERR:   File "C:\Users\ADMIN\Desktop\Scorpius-main\backend\Bytecode\tests\test_similarity_engine.py", line 118
    }
    ^
SyntaxError: closing parenthesis '}' does not match opening parenthesis '[' on line 104
...

[16/81] Processing: test_validation.py

============================================================
Running: backend\Bytecode\tests\test_validation.py
============================================================
Analysis: main=True, pytest=False, unittest=False
[FAIL] FAILED
Return code: 1
STDERR:   File "C:\Users\ADMIN\Desktop\Scorpius-main\backend\Bytecode\tests\test_validation.py", line 101
    from core.comparison_engine import MultiDimensionalComparison, SimilarityEngine
IndentationError: unexpected indent
...

[17/81] Processing: test_config.py

============================================================
Running: backend\config\tests\test_config.py
============================================================
Analysis: main=True, pytest=True, unittest=True
[FAIL] FAILED
Return code: 1
STDERR:   File "C:\Users\ADMIN\Desktop\Scorpius-main\backend\config\tests\test_config.py", line 60
    'SimilarityEngine': MockSimilarityEngine,
IndentationError: unexpected indent
...

[18/81] Processing: test_decorators.py

============================================================
Running: backend\decorators\tests\test_decorators.py
============================================================
Analysis: main=True, pytest=True, unittest=True
[FAIL] FAILED
Return code: 1
STDERR:   File "C:\Users\ADMIN\Desktop\Scorpius-main\backend\decorators\tests\test_decorators.py", line 72
    'SimilarityEngine': MockSimilarityEngine,
IndentationError: unexpected indent
...

[19/81] Processing: final_test_report.py

============================================================
Running: backend\honeypot\final_test_report.py
============================================================
Analysis: main=False, pytest=False, unittest=False
[SKIP] No main execution block

[20/81] Processing: run_tests.py

============================================================
Running: backend\honeypot\run_tests.py
============================================================
Analysis: main=True, pytest=False, unittest=False
[FAIL] FAILED
Return code: 1
STDERR:   File "C:\Users\ADMIN\Desktop\Scorpius-main\backend\honeypot\run_tests.py", line 29
    """Master test runner"""
       ^^^^^^
SyntaxError: invalid syntax
...

[21/81] Processing: test_api.py

============================================================
Running: backend\honeypot\test_api.py
============================================================
Analysis: main=True, pytest=False, unittest=False
[FAIL] FAILED
Return code: 1
STDERR:   File "C:\Users\ADMIN\Desktop\Scorpius-main\backend\honeypot\test_api.py", line 76
    print(f"Error: {str(e)}")
                            ^
SyntaxError: ':' expected after dictionary key
...

[22/81] Processing: test_comprehensive.py

============================================================
Running: backend\honeypot\test_comprehensive.py
============================================================
Analysis: main=True, pytest=True, unittest=False
[FAIL] FAILED
Return code: 1
STDERR:   File "C:\Users\ADMIN\Desktop\Scorpius-main\backend\honeypot\test_comprehensive.py", line 80
    'SimilarityEngine': MockSimilarityEngine,
IndentationError: unexpected indent
...

[23/81] Processing: test_performance.py

============================================================
Running: backend\honeypot\test_performance.py
============================================================
Analysis: main=True, pytest=False, unittest=False
[FAIL] FAILED
Return code: 1
STDERR:   File "C:\Users\ADMIN\Desktop\Scorpius-main\backend\honeypot\test_performance.py", line 175
    }
    ^
SyntaxError: closing parenthesis '}' does not match opening parenthesis '[' on line 172
...

[24/81] Processing: test_react_integration.py

============================================================
Running: backend\honeypot\test_react_integration.py
============================================================
Analysis: main=True, pytest=False, unittest=False
[FAIL] FAILED
Return code: 1
STDERR:   File "C:\Users\ADMIN\Desktop\Scorpius-main\backend\honeypot\test_react_integration.py", line 115
    }
    ^
SyntaxError: closing parenthesis '}' does not match opening parenthesis '[' on line 110
...

[25/81] Processing: test_honeypot.py

============================================================
Running: backend\honeypot\tests\test_honeypot.py
============================================================
Analysis: main=True, pytest=True, unittest=True
[FAIL] FAILED
Return code: 1
STDERR:   File "C:\Users\ADMIN\Desktop\Scorpius-main\backend\honeypot\tests\test_honeypot.py", line 72
    'SimilarityEngine': MockSimilarityEngine,
IndentationError: unexpected indent
...

[26/81] Processing: test_risk_level.py

============================================================
Running: backend\honeypot\tests\test_risk_level.py
============================================================
Analysis: main=True, pytest=False, unittest=False
[FAIL] FAILED
Return code: 1
STDERR:   File "C:\Users\ADMIN\Desktop\Scorpius-main\backend\honeypot\tests\test_risk_level.py", line 85
    'SimilarityEngine': MockSimilarityEngine,
IndentationError: unexpected indent
...

[27/81] Processing: test_static_engine.py

============================================================
Running: backend\honeypot\tests\test_static_engine.py
============================================================
Analysis: main=True, pytest=True, unittest=False
[FAIL] FAILED
Return code: 1
STDERR:   File "C:\Users\ADMIN\Desktop\Scorpius-main\backend\honeypot\tests\test_static_engine.py", line 78
    'SimilarityEngine': MockSimilarityEngine,
IndentationError: unexpected indent
...

[28/81] Processing: test_api_startup.py

============================================================
Running: backend\mempool\test_api_startup.py
============================================================
Analysis: main=True, pytest=False, unittest=False
[FAIL] FAILED
Return code: 1
STDERR:   File "C:\Users\ADMIN\Desktop\Scorpius-main\backend\mempool\test_api_startup.py", line 72
    'SimilarityEngine': MockSimilarityEngine,
IndentationError: unexpected indent
...

[29/81] Processing: test_database_api.py

============================================================
Running: backend\mempool\test_database_api.py
============================================================
Analysis: main=True, pytest=False, unittest=False
[FAIL] FAILED
Return code: 1
STDERR:   File "C:\Users\ADMIN\Desktop\Scorpius-main\backend\mempool\test_database_api.py", line 73
    'SimilarityEngine': MockSimilarityEngine,
IndentationError: unexpected indent
...

[30/81] Processing: test_live_api.py

============================================================
Running: backend\mempool\test_live_api.py
============================================================
Analysis: main=True, pytest=False, unittest=False
[FAIL] FAILED
Return code: 1
STDERR:   File "C:\Users\ADMIN\Desktop\Scorpius-main\backend\mempool\test_live_api.py", line 115
    },
    ^
SyntaxError: closing parenthesis '}' does not match opening parenthesis '[' on line 104
...

[31/81] Processing: test_api.py

============================================================
Running: backend\mempool\tests\integration\test_api.py
============================================================
Analysis: main=True, pytest=True, unittest=True
[FAIL] FAILED
Return code: 1
STDERR:   File "C:\Users\ADMIN\Desktop\Scorpius-main\backend\mempool\tests\integration\test_api.py", line 78
    'SimilarityEngine': MockSimilarityEngine,
IndentationError: unexpected indent
...

[32/81] Processing: test_mempool.py

============================================================
Running: backend\mempool\tests\test_mempool.py
============================================================
Analysis: main=True, pytest=True, unittest=True
[FAIL] FAILED
Return code: 1
STDERR:   File "C:\Users\ADMIN\Desktop\Scorpius-main\backend\mempool\tests\test_mempool.py", line 72
    'SimilarityEngine': MockSimilarityEngine,
IndentationError: unexpected indent
...

[33/81] Processing: test_mempool_monitor.py

============================================================
Running: backend\mempool\tests\unit\test_mempool_monitor.py
============================================================
Analysis: main=True, pytest=True, unittest=True
[FAIL] FAILED
Return code: 1
STDERR:   File "C:\Users\ADMIN\Desktop\Scorpius-main\backend\mempool\tests\unit\test_mempool_monitor.py", line 95
    'SimilarityEngine': MockSimilarityEngine,
IndentationError: unexpected indent
...

[34/81] Processing: test_guardian_types.py

============================================================
Running: backend\mev_bot\tests\test_guardian_types.py
============================================================
Analysis: main=True, pytest=False, unittest=False
[FAIL] FAILED
Return code: 1
STDERR:   File "C:\Users\ADMIN\Desktop\Scorpius-main\backend\mev_bot\tests\test_guardian_types.py", line 26
    class MockModule:
    ^^^^^
SyntaxError: invalid syntax
...

[35/81] Processing: test_mev_bot.py

============================================================
Running: backend\mev_bot\tests\test_mev_bot.py
============================================================
Analysis: main=True, pytest=True, unittest=True
[FAIL] FAILED
Return code: 1
STDERR:   File "C:\Users\ADMIN\Desktop\Scorpius-main\backend\mev_bot\tests\test_mev_bot.py", line 72
    'SimilarityEngine': MockSimilarityEngine,
IndentationError: unexpected indent
...

[36/81] Processing: test_middleware.py

============================================================
Running: backend\middleware\tests\test_middleware.py
============================================================
Analysis: main=True, pytest=True, unittest=True
[FAIL] FAILED
Return code: 1
STDERR:   File "C:\Users\ADMIN\Desktop\Scorpius-main\backend\middleware\tests\test_middleware.py", line 72
    'SimilarityEngine': MockSimilarityEngine,
IndentationError: unexpected indent
...

[37/81] Processing: test_api_integration.py

============================================================
Running: backend\quantum\test_api_integration.py
============================================================
Analysis: main=True, pytest=False, unittest=False
[FAIL] FAILED
Return code: 1
STDERR:   File "C:\Users\ADMIN\Desktop\Scorpius-main\backend\quantum\test_api_integration.py", line 83
    print(f"Error: {str(e)}")
                            ^
SyntaxError: ':' expected after dictionary key
...

[38/81] Processing: test_enterprise.py

============================================================
Running: backend\quantum\tests\test_enterprise.py
============================================================
Analysis: main=True, pytest=True, unittest=True
[FAIL] FAILED
Return code: 1
STDERR:   File "C:\Users\ADMIN\Desktop\Scorpius-main\backend\quantum\tests\test_enterprise.py", line 75
    'SimilarityEngine': MockSimilarityEngine,
IndentationError: unexpected indent
...

[39/81] Processing: test_quantum.py

============================================================
Running: backend\quantum\tests\test_quantum.py
============================================================
Analysis: main=True, pytest=True, unittest=True
[FAIL] FAILED
Return code: 1
STDERR:   File "C:\Users\ADMIN\Desktop\Scorpius-main\backend\quantum\tests\test_quantum.py", line 72
    'SimilarityEngine': MockSimilarityEngine,
IndentationError: unexpected indent
...

[40/81] Processing: test_docker_plugins.py

============================================================
Running: backend\scanner\test_docker_plugins.py
============================================================
Analysis: main=True, pytest=False, unittest=False
[FAIL] FAILED
Return code: 1
STDERR:   File "C:\Users\ADMIN\Desktop\Scorpius-main\backend\scanner\test_docker_plugins.py", line 86
    'SimilarityEngine': MockSimilarityEngine,
IndentationError: unexpected indent
...

[41/81] Processing: test_enhanced_scanner.py

============================================================
Running: backend\scanner\test_enhanced_scanner.py
============================================================
Analysis: main=True, pytest=False, unittest=False
[FAIL] FAILED
Return code: 1
STDERR:   File "C:\Users\ADMIN\Desktop\Scorpius-main\backend\scanner\test_enhanced_scanner.py", line 84
    'SimilarityEngine': MockSimilarityEngine,
IndentationError: unexpected indent
...

[42/81] Processing: test_plugins.py

============================================================
Running: backend\scanner\test_plugins.py
============================================================
Analysis: main=True, pytest=False, unittest=False
[FAIL] FAILED
Return code: 1
STDERR:   File "C:\Users\ADMIN\Desktop\Scorpius-main\backend\scanner\test_plugins.py", line 90
    'SimilarityEngine': MockSimilarityEngine,
IndentationError: unexpected indent
...

[43/81] Processing: test_enhanced_scanner.py

============================================================
Running: backend\scanner\tests\integration\test_enhanced_scanner.py
============================================================
Analysis: main=True, pytest=True, unittest=False
[FAIL] FAILED
Return code: 1
STDERR:   File "C:\Users\ADMIN\Desktop\Scorpius-main\backend\scanner\tests\integration\test_enhanced_scanner.py", line 84
    'SimilarityEngine': MockSimilarityEngine,
IndentationError: unexpected indent
...

[44/81] Processing: test_models.py

============================================================
Running: backend\scanner\tests\test_models.py
============================================================
Analysis: main=True, pytest=False, unittest=False
[FAIL] FAILED
Return code: 1
STDERR:   File "C:\Users\ADMIN\Desktop\Scorpius-main\backend\scanner\tests\test_models.py", line 76
    'SimilarityEngine': MockSimilarityEngine,
IndentationError: unexpected indent
...

[45/81] Processing: test_plugin_manager.py

============================================================
Running: backend\scanner\tests\test_plugin_manager.py
============================================================
Analysis: main=True, pytest=False, unittest=False
[FAIL] FAILED
Return code: 1
STDERR:   File "C:\Users\ADMIN\Desktop\Scorpius-main\backend\scanner\tests\test_plugin_manager.py", line 123
    }
    ^
SyntaxError: closing parenthesis '}' does not match opening parenthesis '[' on line 114
...

[46/81] Processing: test_scanner.py

============================================================
Running: backend\scanner\tests\test_scanner.py
============================================================
Analysis: main=True, pytest=True, unittest=True
[FAIL] FAILED
Return code: 1
STDERR:   File "C:\Users\ADMIN\Desktop\Scorpius-main\backend\scanner\tests\test_scanner.py", line 72
    'SimilarityEngine': MockSimilarityEngine,
IndentationError: unexpected indent
...

[47/81] Processing: test_comprehensive.py

============================================================
Running: backend\time_machine\tests\test_comprehensive.py
============================================================
Analysis: main=True, pytest=True, unittest=False
[FAIL] FAILED
Return code: 1
STDERR:   File "C:\Users\ADMIN\Desktop\Scorpius-main\backend\time_machine\tests\test_comprehensive.py", line 191
    ]
    ^
SyntaxError: closing parenthesis ']' does not match opening parenthesis '{' on line 176
...

[48/81] Processing: test_replay_smoke.py

============================================================
Running: backend\time_machine\tests\test_replay_smoke.py
============================================================
Analysis: main=True, pytest=True, unittest=False
[FAIL] FAILED
Return code: 1
STDERR:   File "C:\Users\ADMIN\Desktop\Scorpius-main\backend\time_machine\tests\test_replay_smoke.py", line 148
    ]
    ^
SyntaxError: closing parenthesis ']' does not match opening parenthesis '{' on line 141
...

[49/81] Processing: test_time_machine.py

============================================================
Running: backend\time_machine\tests\test_time_machine.py
============================================================
Analysis: main=True, pytest=True, unittest=True
[FAIL] FAILED
Return code: 1
STDERR:   File "C:\Users\ADMIN\Desktop\Scorpius-main\backend\time_machine\tests\test_time_machine.py", line 72
    'SimilarityEngine': MockSimilarityEngine,
IndentationError: unexpected indent
...

[50/81] Processing: test_api.py

============================================================
Running: backend\usage_metering\tests\test_api.py
============================================================
Analysis: main=True, pytest=True, unittest=True
[FAIL] FAILED
Return code: 1
STDERR:   File "C:\Users\ADMIN\Desktop\Scorpius-main\backend\usage_metering\tests\test_api.py", line 76
    'SimilarityEngine': MockSimilarityEngine,
IndentationError: unexpected indent
...

[51/81] Processing: test_integration.py

============================================================
Running: backend\usage_metering\tests\test_integration.py
============================================================
Analysis: main=True, pytest=True, unittest=False
[FAIL] FAILED
Return code: 1
STDERR:   File "C:\Users\ADMIN\Desktop\Scorpius-main\backend\usage_metering\tests\test_integration.py", line 78
    'SimilarityEngine': MockSimilarityEngine,
IndentationError: unexpected indent
...

[52/81] Processing: test_metrics_exporter.py

============================================================
Running: backend\usage_metering\tests\test_metrics_exporter.py
============================================================
Analysis: main=True, pytest=True, unittest=True
[FAIL] FAILED
Return code: 1
STDERR:   File "C:\Users\ADMIN\Desktop\Scorpius-main\backend\usage_metering\tests\test_metrics_exporter.py", line 70
    'SimilarityEngine': MockSimilarityEngine,
IndentationError: unexpected indent
...

[53/81] Processing: test_stripe_service.py

============================================================
Running: backend\usage_metering\tests\test_stripe_service.py
============================================================
Analysis: main=True, pytest=True, unittest=True
[FAIL] FAILED
Return code: 1
STDERR:   File "C:\Users\ADMIN\Desktop\Scorpius-main\backend\usage_metering\tests\test_stripe_service.py", line 73
    'SimilarityEngine': MockSimilarityEngine,
IndentationError: unexpected indent
...

[54/81] Processing: test_usage_metering.py

============================================================
Running: backend\usage_metering\tests\test_usage_metering.py
============================================================
Analysis: main=True, pytest=True, unittest=True
[FAIL] FAILED
Return code: 1
STDERR:   File "C:\Users\ADMIN\Desktop\Scorpius-main\backend\usage_metering\tests\test_usage_metering.py", line 72
    'SimilarityEngine': MockSimilarityEngine,
IndentationError: unexpected indent
...

[55/81] Processing: test_usage_tracker.py

============================================================
Running: backend\usage_metering\tests\test_usage_tracker.py
============================================================
Analysis: main=True, pytest=True, unittest=True
[FAIL] FAILED
Return code: 1
STDERR:   File "C:\Users\ADMIN\Desktop\Scorpius-main\backend\usage_metering\tests\test_usage_tracker.py", line 90
    'SimilarityEngine': MockSimilarityEngine,
IndentationError: unexpected indent
...

[56/81] Processing: test_utils.py

============================================================
Running: backend\utils\tests\test_utils.py
============================================================
Analysis: main=True, pytest=True, unittest=True
[FAIL] FAILED
Return code: 1
STDERR:   File "C:\Users\ADMIN\Desktop\Scorpius-main\backend\utils\tests\test_utils.py", line 72
    'SimilarityEngine': MockSimilarityEngine,
IndentationError: unexpected indent
...

[57/81] Processing: test_wallet_guard.py

============================================================
Running: backend\wallet_guard\tests\test_wallet_guard.py
============================================================
Analysis: main=True, pytest=True, unittest=True
[FAIL] FAILED
Return code: 1
STDERR:   File "C:\Users\ADMIN\Desktop\Scorpius-main\backend\wallet_guard\tests\test_wallet_guard.py", line 72
    'SimilarityEngine': MockSimilarityEngine,
IndentationError: unexpected indent
...

[58/81] Processing: comprehensive_integration_test.py

============================================================
Running: comprehensive_integration_test.py
============================================================
Analysis: main=True, pytest=False, unittest=False
[FAIL] FAILED
Return code: 1
STDERR:   File "C:\Users\ADMIN\Desktop\Scorpius-main\comprehensive_integration_test.py", line 94
    async def compare_bytecodes(self, *args, **kwargs):
    ^^^^^
IndentationError: expected an indented block after function definition on line 92
...

[59/81] Processing: test_monitoring.py

============================================================
Running: monitoring\test_monitoring.py
============================================================
Analysis: main=True, pytest=False, unittest=False
[FAIL] FAILED
Return code: 1
STDERR:   File "C:\Users\ADMIN\Desktop\Scorpius-main\monitoring\test_monitoring.py", line 77
    print(f"Error: {str(e)}")
                            ^
SyntaxError: ':' expected after dictionary key
...

[60/81] Processing: test_app.py

============================================================
Running: packages\backend\reporting\tests\test_app.py
============================================================
Analysis: main=True, pytest=True, unittest=False
[FAIL] FAILED
Return code: 1
STDERR:   File "C:\Users\ADMIN\Desktop\Scorpius-main\packages\backend\reporting\tests\test_app.py", line 73
    'SimilarityEngine': MockSimilarityEngine,
IndentationError: unexpected indent
...

[61/81] Processing: simple_test.py

============================================================
Running: packages\core\tests\simple_test.py
============================================================
Analysis: main=True, pytest=False, unittest=False
[FAIL] FAILED
Return code: 1
STDERR:   File "C:\Users\ADMIN\Desktop\Scorpius-main\packages\core\tests\simple_test.py", line 190
    """Run all tests."""
       ^^^
SyntaxError: invalid syntax
...

[62/81] Processing: test_api.py

============================================================
Running: packages\core\tests\test_api.py
============================================================
Analysis: main=True, pytest=False, unittest=False
[FAIL] FAILED
Return code: 1
STDERR:   File "C:\Users\ADMIN\Desktop\Scorpius-main\packages\core\tests\test_api.py", line 67
    'SimilarityEngine': MockSimilarityEngine,
IndentationError: unexpected indent
...

[63/81] Processing: test_mev_bot.py

============================================================
Running: packages\core\tests\test_mev_bot.py
============================================================
Analysis: main=True, pytest=False, unittest=False
[FAIL] FAILED
Return code: 1
STDERR:   File "C:\Users\ADMIN\Desktop\Scorpius-main\packages\core\tests\test_mev_bot.py", line 72
    'SimilarityEngine': MockSimilarityEngine,
IndentationError: unexpected indent
...

[64/81] Processing: test_system.py

============================================================
Running: packages\core\tests\test_system.py
============================================================
Analysis: main=True, pytest=False, unittest=False
[FAIL] FAILED
Return code: 1
STDERR:   File "C:\Users\ADMIN\Desktop\Scorpius-main\packages\core\tests\test_system.py", line 312
    """Run all system tests."""
       ^^^
SyntaxError: invalid syntax
...

[65/81] Processing: test_system.py

============================================================
Running: reporting\test_system.py
============================================================
Analysis: main=True, pytest=False, unittest=False
[FAIL] FAILED
Return code: 1
STDERR:   File "C:\Users\ADMIN\Desktop\Scorpius-main\reporting\test_system.py", line 78
    from models import (
                       ^
SyntaxError: '(' was never closed
...

[66/81] Processing: test_api_routes.py

============================================================
Running: reporting\tests\test_api_routes.py
============================================================
Analysis: main=True, pytest=False, unittest=False
[FAIL] FAILED
Return code: 1
STDERR:   File "C:\Users\ADMIN\Desktop\Scorpius-main\reporting\tests\test_api_routes.py", line 67
    'SimilarityEngine': MockSimilarityEngine,
IndentationError: unexpected indent
...

[67/81] Processing: test_diff_engine.py

============================================================
Running: reporting\tests\test_diff_engine.py
============================================================
Analysis: main=True, pytest=False, unittest=False
[FAIL] FAILED
Return code: 1
STDERR:   File "C:\Users\ADMIN\Desktop\Scorpius-main\reporting\tests\test_diff_engine.py", line 67
    'SimilarityEngine': MockSimilarityEngine,
IndentationError: unexpected indent
...

[68/81] Processing: test_writer_html.py

============================================================
Running: reporting\tests\test_writer_html.py
============================================================
Analysis: main=True, pytest=False, unittest=False
[FAIL] FAILED
Return code: 1
STDERR:   File "C:\Users\ADMIN\Desktop\Scorpius-main\reporting\tests\test_writer_html.py", line 67
    'SimilarityEngine': MockSimilarityEngine,
IndentationError: unexpected indent
...

[69/81] Processing: test_api-gateway.py

============================================================
Running: services\api-gateway\tests\test_api-gateway.py
============================================================
Analysis: main=True, pytest=True, unittest=True
[FAIL] FAILED
Return code: 1
STDERR:   File "C:\Users\ADMIN\Desktop\Scorpius-main\services\api-gateway\tests\test_api-gateway.py", line 72
    'SimilarityEngine': MockSimilarityEngine,
IndentationError: unexpected indent
...

[70/81] Processing: test_routes.py

============================================================
Running: services\api-gateway\tests\test_routes.py
============================================================
Analysis: main=True, pytest=True, unittest=False
[FAIL] FAILED
Return code: 1
STDERR:   File "C:\Users\ADMIN\Desktop\Scorpius-main\services\api-gateway\tests\test_routes.py", line 70
    'SimilarityEngine': MockSimilarityEngine,
IndentationError: unexpected indent
...

[71/81] Processing: test_bridge-service.py

============================================================
Running: services\bridge-service\tests\test_bridge-service.py
============================================================
Analysis: main=True, pytest=True, unittest=True
[FAIL] FAILED
Return code: 1
STDERR:   File "C:\Users\ADMIN\Desktop\Scorpius-main\services\bridge-service\tests\test_bridge-service.py", line 72
    'SimilarityEngine': MockSimilarityEngine,
IndentationError: unexpected indent
...

[72/81] Processing: simple_working_test.py

============================================================
Running: simple_working_test.py
============================================================
Analysis: main=False, pytest=False, unittest=False
[SKIP] No main execution block

[73/81] Processing: test_static_api.py

============================================================
Running: tests\api\test_static_api.py
============================================================
Analysis: main=True, pytest=True, unittest=False
[FAIL] FAILED
Return code: 1
STDERR:   File "C:\Users\ADMIN\Desktop\Scorpius-main\tests\api\test_static_api.py", line 56
    'SimilarityEngine': MockSimilarityEngine,
IndentationError: unexpected indent
...

[74/81] Processing: security_tests.py

============================================================
Running: tests\security\security_tests.py
============================================================
Analysis: main=True, pytest=False, unittest=False
[FAIL] FAILED
Return code: 1
STDERR:   File "C:\Users\ADMIN\Desktop\Scorpius-main\tests\security\security_tests.py", line 5
    input validation, and vulnerability assessments.
          ^^^^^^^^^^
SyntaxError: invalid syntax
...

[75/81] Processing: test_api_gateway_basic.py

============================================================
Running: tests\test_api_gateway_basic.py
============================================================
Analysis: main=True, pytest=True, unittest=True
[PASS] SUCCESS

[76/81] Processing: test_backend_comprehensive.py

============================================================
Running: tests\test_backend_comprehensive.py
============================================================
Analysis: main=True, pytest=True, unittest=True
[FAIL] FAILED
Return code: 1
STDERR:   File "C:\Users\ADMIN\Desktop\Scorpius-main\tests\test_backend_comprehensive.py", line 324
    """Validate Ethereum address format"""
       ^^^^^^^^
SyntaxError: invalid syntax
...

[77/81] Processing: test_api_main.py

============================================================
Running: tests\unit\bytecode\test_api_main.py
============================================================
Analysis: main=True, pytest=True, unittest=True
[FAIL] FAILED
Return code: 1
STDERR:   File "C:\Users\ADMIN\Desktop\Scorpius-main\tests\unit\bytecode\test_api_main.py", line 77
    'SimilarityEngine': MockSimilarityEngine,
IndentationError: unexpected indent
...

[78/81] Processing: test_comparison_engine.py

============================================================
Running: tests\unit\bytecode\test_comparison_engine.py
============================================================
Analysis: main=True, pytest=True, unittest=True
[FAIL] FAILED
Return code: 1
STDERR:   File "C:\Users\ADMIN\Desktop\Scorpius-main\tests\unit\bytecode\test_comparison_engine.py", line 98
    from core.comparison_engine import MultiDimensionalComparison, SimilarityEngine
IndentationError: unexpected indent
...

[79/81] Processing: test_similarity_engine.py

============================================================
Running: tests\unit\bytecode\test_similarity_engine.py
============================================================
Analysis: main=True, pytest=True, unittest=True
[FAIL] FAILED
Return code: 1
STDERR:   File "C:\Users\ADMIN\Desktop\Scorpius-main\tests\unit\bytecode\test_similarity_engine.py", line 125
    }
    ^
SyntaxError: closing parenthesis '}' does not match opening parenthesis '(' on line 89
...

[80/81] Processing: test_retry.py

============================================================
Running: tests\unit\test_retry.py
============================================================
Analysis: main=True, pytest=True, unittest=False
[FAIL] FAILED
Return code: 1
STDERR:   File "C:\Users\ADMIN\Desktop\Scorpius-main\tests\unit\test_retry.py", line 174
    }
    ^
SyntaxError: closing parenthesis '}' does not match opening parenthesis '[' on line 170
...

[81/81] Processing: test_rpc_decorator.py

============================================================
Running: tests\unit\test_rpc_decorator.py
============================================================
Analysis: main=True, pytest=True, unittest=False
[FAIL] FAILED
Return code: 1
STDERR:   File "C:\Users\ADMIN\Desktop\Scorpius-main\tests\unit\test_rpc_decorator.py", line 166
    }
    ^
SyntaxError: closing parenthesis '}' does not match opening parenthesis '[' on line 162
...

============================================================
TEST EXECUTION SUMMARY
============================================================
Total found: 81
Total run: 81
Passed: 1
Failed: 78
Skipped: 2
Errors: 0
Success rate: 1.2%

Detailed results saved to enterprise_test_results.json
